# JRE version: Java(TM) SE Runtime Environment (7.0_55-b13) (build 1.7.0_55-b13)
# Java VM: Java HotSpot(TM) 64-Bit Server VM (24.55-b03 mixed mode bsd-amd64 compressed oops)
Heap
 PSYoungGen      total 518656K, used 0K [0x000000016be00000, 0x000000018be00000, 0x000000018be00000)
  eden space 513536K, 0% used [0x000000016be00000,0x000000016be00138,0x000000018b380000)
  from space 5120K, 0% used [0x000000018b380000,0x000000018b380000,0x000000018b880000)
  to   space 4608K, 0% used [0x000000018b980000,0x000000018b980000,0x000000018be00000)
 ParOldGen       total 1048576K, used 145501K [0x000000012be00000, 0x000000016be00000, 0x000000016be00000)
  object space 1048576K, 13% used [0x000000012be00000,0x0000000134c17728,0x000000016be00000)
 PSPermGen       total 393216K, used 393216K [0x0000000113e00000, 0x000000012be00000, 0x000000012be00000)
  object space 393216K, 100% used [0x0000000113e00000,0x000000012be00000,0x000000012be00000)
GC Heap History (10 events):
Event: 107496.239 GC heap before
{Heap before GC invocations=155 (full 50):
 PSYoungGen      total 517632K, used 0K [0x000000016be00000, 0x000000018be00000, 0x000000018be00000)
  eden space 511488K, 0% used [0x000000016be00000,0x000000016be00000,0x000000018b180000)
  from space 6144K, 0% used [0x000000018b180000,0x000000018b180000,0x000000018b780000)
  to   space 5632K, 0% used [0x000000018b880000,0x000000018b880000,0x000000018be00000)
 ParOldGen       total 1048576K, used 145504K [0x000000012be00000, 0x000000016be00000, 0x000000016be00000)
  object space 1048576K, 13% used [0x000000012be00000,0x0000000134c180f0,0x000000016be00000)
 PSPermGen       total 393216K, used 393216K [0x0000000113e00000, 0x000000012be00000, 0x000000012be00000)
  object space 393216K, 100% used [0x0000000113e00000,0x000000012be00000,0x000000012be00000)
Event: 107496.810 GC heap after
Heap after GC invocations=155 (full 50):
 PSYoungGen      total 517632K, used 0K [0x000000016be00000, 0x000000018be00000, 0x000000018be00000)
  eden space 511488K, 0% used [0x000000016be00000,0x000000016be00000,0x000000018b180000)
  from space 6144K, 0% used [0x000000018b180000,0x000000018b180000,0x000000018b780000)
  to   space 5632K, 0% used [0x000000018b880000,0x000000018b880000,0x000000018be00000)
 ParOldGen       total 1048576K, used 145504K [0x000000012be00000, 0x000000016be00000, 0x000000016be00000)
  object space 1048576K, 13% used [0x000000012be00000,0x0000000134c180f0,0x000000016be00000)
 PSPermGen       total 393216K, used 393216K [0x0000000113e00000, 0x000000012be00000, 0x000000012be00000)
  object space 393216K, 100% used [0x0000000113e00000,0x000000012be00000,0x000000012be00000)
}
Event: 107496.811 GC heap before
{Heap before GC invocations=156 (full 50):
 PSYoungGen      total 517632K, used 3189K [0x000000016be00000, 0x000000018be00000, 0x000000018be00000)
  eden space 511488K, 0% used [0x000000016be00000,0x000000016c11d7a0,0x000000018b180000)
  from space 6144K, 0% used [0x000000018b180000,0x000000018b180000,0x000000018b780000)
  to   space 5632K, 0% used [0x000000018b880000,0x000000018b880000,0x000000018be00000)
 ParOldGen       total 1048576K, used 145504K [0x000000012be00000, 0x000000016be00000, 0x000000016be00000)
  object space 1048576K, 13% used [0x000000012be00000,0x0000000134c180f0,0x000000016be00000)
 PSPermGen       total 393216K, used 393216K [0x0000000113e00000, 0x000000012be00000, 0x000000012be00000)
  object space 393216K, 100% used [0x0000000113e00000,0x000000012be00000,0x000000012be00000)
Event: 107496.823 GC heap after
Heap after GC invocations=156 (full 50):
 PSYoungGen      total 519168K, used 96K [0x000000016be00000, 0x000000018be00000, 0x000000018be00000)
  eden space 513536K, 0% used [0x000000016be00000,0x000000016be00000,0x000000018b380000)
  from space 5632K, 1% used [0x000000018b880000,0x000000018b898000,0x000000018be00000)
  to   space 5120K, 0% used [0x000000018b380000,0x000000018b380000,0x000000018b880000)
 ParOldGen       total 1048576K, used 145504K [0x000000012be00000, 0x000000016be00000, 0x000000016be00000)
  object space 1048576K, 13% used [0x000000012be00000,0x0000000134c180f0,0x000000016be00000)
 PSPermGen       total 393216K, used 393216K [0x0000000113e00000, 0x000000012be00000, 0x000000012be00000)
  object space 393216K, 100% used [0x0000000113e00000,0x000000012be00000,0x000000012be00000)
}
Event: 107496.823 GC heap before
{Heap before GC invocations=157 (full 51):
 PSYoungGen      total 519168K, used 96K [0x000000016be00000, 0x000000018be00000, 0x000000018be00000)
  eden space 513536K, 0% used [0x000000016be00000,0x000000016be00000,0x000000018b380000)
  from space 5632K, 1% used [0x000000018b880000,0x000000018b898000,0x000000018be00000)
  to   space 5120K, 0% used [0x000000018b380000,0x000000018b380000,0x000000018b880000)
 ParOldGen       total 1048576K, used 145504K [0x000000012be00000, 0x000000016be00000, 0x000000016be00000)
  object space 1048576K, 13% used [0x000000012be00000,0x0000000134c180f0,0x000000016be00000)
 PSPermGen       total 393216K, used 393216K [0x0000000113e00000, 0x000000012be00000, 0x000000012be00000)
  object space 393216K, 100% used [0x0000000113e00000,0x000000012be00000,0x000000012be00000)
Event: 107497.386 GC heap after
Heap after GC invocations=157 (full 51):
 PSYoungGen      total 519168K, used 0K [0x000000016be00000, 0x000000018be00000, 0x000000018be00000)
  eden space 513536K, 0% used [0x000000016be00000,0x000000016be00000,0x000000018b380000)
  from space 5632K, 0% used [0x000000018b880000,0x000000018b880000,0x000000018be00000)
  to   space 5120K, 0% used [0x000000018b380000,0x000000018b380000,0x000000018b880000)
 ParOldGen       total 1048576K, used 145501K [0x000000012be00000, 0x000000016be00000, 0x000000016be00000)
  object space 1048576K, 13% used [0x000000012be00000,0x0000000134c17790,0x000000016be00000)
 PSPermGen       total 393216K, used 393216K [0x0000000113e00000, 0x000000012be00000, 0x000000012be00000)
  object space 393216K, 100% used [0x0000000113e00000,0x000000012be00000,0x000000012be00000)
}
Event: 107497.386 GC heap before
{Heap before GC invocations=158 (full 51):
 PSYoungGen      total 519168K, used 0K [0x000000016be00000, 0x000000018be00000, 0x000000018be00000)
  eden space 513536K, 0% used [0x000000016be00000,0x000000016be00000,0x000000018b380000)
  from space 5632K, 0% used [0x000000018b880000,0x000000018b880000,0x000000018be00000)
  to   space 5120K, 0% used [0x000000018b380000,0x000000018b380000,0x000000018b880000)
 ParOldGen       total 1048576K, used 145501K [0x000000012be00000, 0x000000016be00000, 0x000000016be00000)
  object space 1048576K, 13% used [0x000000012be00000,0x0000000134c17790,0x000000016be00000)
 PSPermGen       total 393216K, used 393216K [0x0000000113e00000, 0x000000012be00000, 0x000000012be00000)
  object space 393216K, 100% used [0x0000000113e00000,0x000000012be00000,0x000000012be00000)
Event: 107497.396 GC heap after
Heap after GC invocations=158 (full 51):
 PSYoungGen      total 518656K, used 0K [0x000000016be00000, 0x000000018be00000, 0x000000018be00000)
  eden space 513536K, 0% used [0x000000016be00000,0x000000016be00000,0x000000018b380000)
  from space 5120K, 0% used [0x000000018b380000,0x000000018b380000,0x000000018b880000)
  to   space 4608K, 0% used [0x000000018b980000,0x000000018b980000,0x000000018be00000)
 ParOldGen       total 1048576K, used 145501K [0x000000012be00000, 0x000000016be00000, 0x000000016be00000)
  object space 1048576K, 13% used [0x000000012be00000,0x0000000134c17790,0x000000016be00000)
 PSPermGen       total 393216K, used 393216K [0x0000000113e00000, 0x000000012be00000, 0x000000012be00000)
  object space 393216K, 100% used [0x0000000113e00000,0x000000012be00000,0x000000012be00000)
}
Event: 107497.396 GC heap before
{Heap before GC invocations=159 (full 52):
 PSYoungGen      total 518656K, used 0K [0x000000016be00000, 0x000000018be00000, 0x000000018be00000)
  eden space 513536K, 0% used [0x000000016be00000,0x000000016be00000,0x000000018b380000)
  from space 5120K, 0% used [0x000000018b380000,0x000000018b380000,0x000000018b880000)
  to   space 4608K, 0% used [0x000000018b980000,0x000000018b980000,0x000000018be00000)
 ParOldGen       total 1048576K, used 145501K [0x000000012be00000, 0x000000016be00000, 0x000000016be00000)
  object space 1048576K, 13% used [0x000000012be00000,0x0000000134c17790,0x000000016be00000)
 PSPermGen       total 393216K, used 393216K [0x0000000113e00000, 0x000000012be00000, 0x000000012be00000)
  object space 393216K, 100% used [0x0000000113e00000,0x000000012be00000,0x000000012be00000)
Event: 107497.968 GC heap after
Heap after GC invocations=159 (full 52):
 PSYoungGen      total 518656K, used 0K [0x000000016be00000, 0x000000018be00000, 0x000000018be00000)
  eden space 513536K, 0% used [0x000000016be00000,0x000000016be00000,0x000000018b380000)
  from space 5120K, 0% used [0x000000018b380000,0x000000018b380000,0x000000018b880000)
  to   space 4608K, 0% used [0x000000018b980000,0x000000018b980000,0x000000018be00000)
 ParOldGen       total 1048576K, used 145501K [0x000000012be00000, 0x000000016be00000, 0x000000016be00000)
  object space 1048576K, 13% used [0x000000012be00000,0x0000000134c17728,0x000000016be00000)
 PSPermGen       total 393216K, used 393216K [0x0000000113e00000, 0x000000012be00000, 0x000000012be00000)
  object space 393216K, 100% used [0x0000000113e00000,0x000000012be00000,0x000000012be00000)
}

